\BOOKMARK [1][-]{section.1}{\376\377\000I\000n\000t\000r\000o\000d\000u\000c\000t\000i\000o\000n}{}% 1
\BOOKMARK [1][-]{section.2}{\376\377\000B\000a\000c\000k\000g\000r\000o\000u\000n\000d\000\040\000a\000n\000d\000\040\000M\000o\000t\000i\000v\000a\000t\000i\000o\000n}{}% 2
\BOOKMARK [1][-]{section.3}{\376\377\000S\000y\000s\000t\000e\000m\000\040\000O\000v\000e\000r\000v\000i\000e\000w}{}% 3
\BOOKMARK [2][-]{subsection.3.1}{\376\377\000D\000e\000s\000i\000g\000n\000\040\000E\000v\000o\000l\000u\000t\000i\000o\000n}{section.3}% 4
\BOOKMARK [2][-]{subsection.3.2}{\376\377\000S\000y\000s\000t\000e\000m\000\040\000A\000r\000c\000h\000i\000t\000e\000c\000t\000u\000r\000e}{section.3}% 5
\BOOKMARK [3][-]{subsubsection.3.2.1}{\376\377\000C\000o\000n\000t\000r\000o\000l\000\040\000P\000l\000a\000n\000e\000\040\000\050\000G\000o\000\051}{subsection.3.2}% 6
\BOOKMARK [3][-]{subsubsection.3.2.2}{\376\377\000D\000a\000t\000a\000\040\000P\000l\000a\000n\000e\000\040\000\050\000P\000y\000t\000h\000o\000n\000\040\000W\000o\000r\000k\000e\000r\000s\000\051}{subsection.3.2}% 7
\BOOKMARK [2][-]{subsection.3.3}{\376\377\000L\000a\000t\000e\000n\000c\000y\000\040\000P\000r\000e\000d\000i\000c\000t\000i\000o\000n\000:\000\040\000D\000u\000a\000l\000-\000T\000i\000m\000e\000s\000c\000a\000l\000e\000\040\000N\000L\000M\000S}{section.3}% 8
\BOOKMARK [3][-]{subsubsection.3.3.1}{\376\377\000D\000e\000r\000i\000v\000a\000t\000i\000o\000n\000\040\000o\000f\000\040\000t\000h\000e\000\040\000U\000p\000d\000a\000t\000e\000\040\000R\000u\000l\000e}{subsection.3.3}% 9
\BOOKMARK [3][-]{subsubsection.3.3.2}{\376\377\000D\000u\000a\000l\000-\000T\000i\000m\000e\000s\000c\000a\000l\000e\000\040\000A\000d\000a\000p\000t\000a\000t\000i\000o\000n}{subsection.3.3}% 10
\BOOKMARK [2][-]{subsection.3.4}{\376\377\000T\000i\000e\000r\000-\000\040\000a\000n\000d\000\040\000R\000o\000o\000f\000l\000i\000n\000e\000-\000A\000w\000a\000r\000e\000\040\000S\000c\000h\000e\000d\000u\000l\000i\000n\000g}{section.3}% 11
\BOOKMARK [1][-]{section.4}{\376\377\000E\000x\000p\000e\000r\000i\000m\000e\000n\000t\000a\000l\000\040\000E\000v\000a\000l\000u\000a\000t\000i\000o\000n}{}% 12
\BOOKMARK [2][-]{subsection.4.1}{\376\377\000E\000x\000p\000e\000r\000i\000m\000e\000n\000t\000a\000l\000\040\000M\000e\000t\000h\000o\000d\000o\000l\000o\000g\000y}{section.4}% 13
\BOOKMARK [3][-]{subsubsection.4.1.1}{\376\377\000H\000a\000r\000d\000w\000a\000r\000e\000\040\000T\000e\000s\000t\000b\000e\000d}{subsection.4.1}% 14
\BOOKMARK [3][-]{subsubsection.4.1.2}{\376\377\000W\000o\000r\000k\000l\000o\000a\000d\000s\000\040\000a\000n\000d\000\040\000D\000a\000t\000a\000s\000e\000t\000s}{subsection.4.1}% 15
\BOOKMARK [3][-]{subsubsection.4.1.3}{\376\377\000B\000a\000s\000e\000l\000i\000n\000e\000s\000\040\000a\000n\000d\000\040\000M\000e\000t\000r\000i\000c\000s}{subsection.4.1}% 16
\BOOKMARK [2][-]{subsection.4.2}{\376\377\000S\000c\000a\000l\000a\000b\000i\000l\000i\000t\000y\000\040\000a\000n\000d\000\040\000C\000o\000n\000t\000r\000o\000l\000\040\000P\000l\000a\000n\000e\000\040\000O\000v\000e\000r\000h\000e\000a\000d}{section.4}% 17
\BOOKMARK [2][-]{subsection.4.3}{\376\377\000E\000n\000d\000-\000t\000o\000-\000E\000n\000d\000\040\000P\000e\000r\000f\000o\000r\000m\000a\000n\000c\000e\000\040\000o\000n\000\040\000P\000r\000o\000d\000u\000c\000t\000i\000o\000n\000\040\000T\000r\000a\000c\000e\000s}{section.4}% 18
\BOOKMARK [3][-]{subsubsection.4.3.1}{\376\377\000T\000a\000i\000l\000\040\000L\000a\000t\000e\000n\000c\000y\000\040\000R\000e\000d\000u\000c\000t\000i\000o\000n}{subsection.4.3}% 19
\BOOKMARK [3][-]{subsubsection.4.3.2}{\376\377\000S\000L\000O\000\040\000A\000t\000t\000a\000i\000n\000m\000e\000n\000t\000\040\000a\000n\000d\000\040\000G\000o\000o\000d\000p\000u\000t}{subsection.4.3}% 20
\BOOKMARK [2][-]{subsection.4.4}{\376\377\000H\000a\000n\000d\000l\000i\000n\000g\000\040\000H\000a\000r\000d\000w\000a\000r\000e\000\040\000H\000e\000t\000e\000r\000o\000g\000e\000n\000e\000i\000t\000y}{section.4}% 21
\BOOKMARK [2][-]{subsection.4.5}{\376\377\000A\000b\000l\000a\000t\000i\000o\000n\000\040\000S\000t\000u\000d\000y\000:\000\040\000C\000o\000m\000p\000o\000n\000e\000n\000t\000\040\000C\000o\000n\000t\000r\000i\000b\000u\000t\000i\000o\000n}{section.4}% 22
\BOOKMARK [2][-]{subsection.4.6}{\376\377\000R\000e\000s\000i\000l\000i\000e\000n\000c\000e\000\040\000a\000n\000d\000\040\000C\000l\000o\000u\000d\000-\000N\000a\000t\000i\000v\000e\000\040\000B\000e\000h\000a\000v\000i\000o\000r}{section.4}% 23
\BOOKMARK [1][-]{section.5}{\376\377\000R\000e\000l\000a\000t\000e\000d\000\040\000W\000o\000r\000k}{}% 24
\BOOKMARK [2][-]{subsection.5.1}{\376\377\000L\000L\000M\000\040\000I\000n\000f\000e\000r\000e\000n\000c\000e\000\040\000E\000n\000g\000i\000n\000e\000s}{section.5}% 25
\BOOKMARK [2][-]{subsection.5.2}{\376\377\000C\000l\000u\000s\000t\000e\000r\000-\000L\000e\000v\000e\000l\000\040\000O\000r\000c\000h\000e\000s\000t\000r\000a\000t\000o\000r\000s}{section.5}% 26
\BOOKMARK [2][-]{subsection.5.3}{\376\377\000A\000d\000a\000p\000t\000i\000v\000e\000\040\000C\000o\000n\000t\000r\000o\000l\000\040\000a\000n\000d\000\040\000P\000r\000e\000d\000i\000c\000t\000i\000o\000n}{section.5}% 27
\BOOKMARK [1][-]{section.6}{\376\377\000C\000o\000n\000c\000l\000u\000s\000i\000o\000n}{}% 28
